[   752.019] 
X.Org X Server 1.20.11
X Protocol Version 11, Revision 0
[   752.019] Build Operating System: linux Ubuntu
[   752.019] Current Operating System: Linux 324c95c93ed1 5.4.0-1029-aws #30-Ubuntu SMP Tue Oct 20 10:06:38 UTC 2020 x86_64
[   752.019] Kernel command line: BOOT_IMAGE=/boot/vmlinuz-5.4.0-1029-aws root=PARTUUID=da63a61e-01 ro console=tty1 console=ttyS0 nvme_core.io_timeout=4294967295 panic=-1
[   752.019] Build Date: 06 July 2021  10:17:51AM
[   752.019] xorg-server 2:1.20.11-1ubuntu1~20.04.2 (For technical support please see http://www.ubuntu.com/support) 
[   752.019] Current version of pixman: 0.38.4
[   752.019] 	Before reporting problems, check http://wiki.x.org
	to make sure that you have the latest version.
[   752.019] Markers: (--) probed, (**) from config file, (==) default setting,
	(++) from command line, (!!) notice, (II) informational,
	(WW) warning, (EE) error, (NI) not implemented, (??) unknown.
[   752.019] (++) Log file: "/usr/share/fractal/display.log", Time: Thu Nov 18 17:27:43 2021
[   752.019] (++) Using config file: "/usr/share/X11/xorg.conf.d/01-fractal-display.conf"
[   752.019] (==) Using system config directory "/usr/share/X11/xorg.conf.d"
[   752.019] (==) ServerLayout "Layout0"
[   752.019] (**) |-->Screen "Screen0" (0)
[   752.019] (**) |   |-->Monitor "Monitor0"
[   752.019] (**) |   |-->Device "Device0"
[   752.019] (**) |   |-->GPUDevice "Device0"
[   752.019] (**) Option "AutoAddDevices" "true"
[   752.019] (**) Option "AutoEnableDevices" "true"
[   752.019] (**) Automatically adding devices
[   752.019] (**) Automatically enabling devices
[   752.019] (==) Automatically adding GPU devices
[   752.019] (==) Automatically binding GPU devices
[   752.019] (==) Max clients allowed: 256, resource mask: 0x1fffff
[   752.019] (WW) The directory "/usr/share/fonts/X11/misc" does not exist.
[   752.019] 	Entry deleted from font path.
[   752.019] (WW) The directory "/usr/share/fonts/X11/cyrillic" does not exist.
[   752.019] 	Entry deleted from font path.
[   752.019] (WW) The directory "/usr/share/fonts/X11/100dpi/" does not exist.
[   752.019] 	Entry deleted from font path.
[   752.019] (WW) The directory "/usr/share/fonts/X11/75dpi/" does not exist.
[   752.019] 	Entry deleted from font path.
[   752.019] (WW) The directory "/usr/share/fonts/X11/Type1" does not exist.
[   752.019] 	Entry deleted from font path.
[   752.019] (WW) The directory "/usr/share/fonts/X11/100dpi" does not exist.
[   752.019] 	Entry deleted from font path.
[   752.019] (WW) The directory "/usr/share/fonts/X11/75dpi" does not exist.
[   752.019] 	Entry deleted from font path.
[   752.019] (==) FontPath set to:
	built-ins
[   752.019] (==) ModulePath set to "/usr/lib/xorg/modules"
[   752.019] (II) The server relies on udev to provide the list of input devices.
	If no devices become available, reconfigure udev or disable AutoAddDevices.
[   752.019] (II) Loader magic: 0x5645fa5a2020
[   752.019] (II) Module ABI versions:
[   752.019] 	X.Org ANSI C Emulation: 0.4
[   752.019] 	X.Org Video Driver: 24.1
[   752.019] 	X.Org XInput driver : 24.1
[   752.019] 	X.Org Server Extension : 10.0
[   752.020] (++) using VT number 10

[   752.020] (II) systemd-logind: logind integration requires -keeptty and -keeptty was not provided, disabling logind integration
[   752.020] (II) xfree86: Adding drm device (/dev/dri/card0)
[   752.022] (--) PCI:*(0@0:3:0) 1d0f:1111:0000:0000 rev 0, Mem @ 0xfe400000/4194304, BIOS @ 0x????????/131072
[   752.022] (--) PCI: (0@0:30:0) 10de:1eb8:10de:12a2 rev 161, Mem @ 0xfd000000/16777216, 0x840000000/268435456, 0x850000000/33554432
[   752.022] (II) LoadModule: "glx"
[   752.022] (II) Loading /usr/lib/xorg/modules/extensions/libglx.so
[   752.023] (II) Module glx: vendor="X.Org Foundation"
[   752.023] 	compiled for 1.20.11, module version = 1.0.0
[   752.023] 	ABI class: X.Org Server Extension, version 10.0
[   752.023] (II) LoadModule: "nvidia"
[   752.023] (II) Loading /usr/lib/xorg/modules/drivers/nvidia_drv.so
[   752.023] (II) Module nvidia: vendor="NVIDIA Corporation"
[   752.023] 	compiled for 1.6.99.901, module version = 1.0.0
[   752.023] 	Module class: X.Org Video Driver
[   752.023] (II) NVIDIA dlloader X Driver  470.63.01  Tue Aug  3 20:37:27 UTC 2021
[   752.023] (II) NVIDIA Unified Driver for all Supported NVIDIA GPUs
[   752.024] xf86EnableIOPorts: failed to set IOPL for I/O (Operation not permitted)
[   752.024] (II) Loading sub module "fb"
[   752.024] (II) LoadModule: "fb"
[   752.024] (II) Loading /usr/lib/xorg/modules/libfb.so
[   752.024] (II) Module fb: vendor="X.Org Foundation"
[   752.024] 	compiled for 1.20.11, module version = 1.0.0
[   752.024] 	ABI class: X.Org ANSI C Emulation, version 0.4
[   752.024] (II) Loading sub module "wfb"
[   752.024] (II) LoadModule: "wfb"
[   752.024] (II) Loading /usr/lib/xorg/modules/libwfb.so
[   752.024] (II) Module wfb: vendor="X.Org Foundation"
[   752.024] 	compiled for 1.20.11, module version = 1.0.0
[   752.024] 	ABI class: X.Org ANSI C Emulation, version 0.4
[   752.024] (II) Loading sub module "ramdac"
[   752.024] (II) LoadModule: "ramdac"
[   752.024] (II) Module "ramdac" already built-in
[   752.024] (WW) VGA arbiter: cannot open kernel arbiter, no multi-card support
[   752.025] (II) NVIDIA(0): Creating default Display subsection in Screen section
	"Screen0" for depth/fbbpp 24/32
[   752.025] (**) NVIDIA(0): Depth 24, (--) framebuffer bpp 32
[   752.025] (==) NVIDIA(0): RGB weight 888
[   752.025] (==) NVIDIA(0): Default visual is TrueColor
[   752.025] (==) NVIDIA(0): Using gamma correction (1.0, 1.0, 1.0)
[   752.025] (**) NVIDIA(0): Option "AllowEmptyInitialConfiguration" "True"
[   752.025] (**) NVIDIA(0): Enabling 2D acceleration
[   752.025] (II) Loading sub module "glxserver_nvidia"
[   752.025] (II) LoadModule: "glxserver_nvidia"
[   752.025] (II) Loading /usr/lib/xorg/modules/extensions/libglxserver_nvidia.so
[   752.031] (II) Module glxserver_nvidia: vendor="NVIDIA Corporation"
[   752.031] 	compiled for 1.6.99.901, module version = 1.0.0
[   752.031] 	Module class: X.Org Server Extension
[   752.031] (II) NVIDIA GLX Module  470.63.01  Tue Aug  3 20:35:52 UTC 2021
[   752.031] (II) NVIDIA: The X server supports PRIME Render Offload.
[   752.032] (--) NVIDIA(0): Valid display device(s) on GPU-0 at PCI:0:30:0
[   752.032] (--) NVIDIA(0):     DFP-0
[   752.032] (--) NVIDIA(0):     DFP-1
[   752.032] (--) NVIDIA(0):     DFP-2
[   752.032] (--) NVIDIA(0):     DFP-3
[   752.032] (WW) NVIDIA: No DRM device: No direct render devices found.
[   752.033] (II) NVIDIA(0): NVIDIA GPU Tesla T4 (TU104GL-A) at PCI:0:30:0 (GPU-0)
[   752.033] (--) NVIDIA(0): Memory: 15728640 kBytes
[   752.033] (--) NVIDIA(0): VideoBIOS: 90.04.96.00.02
[   752.033] (II) NVIDIA(0): Detected PCI Express Link width: 16X
[   752.033] (--) NVIDIA(GPU-0): NVIDIA VGX (DFP-0): connected
[   752.033] (--) NVIDIA(GPU-0): NVIDIA VGX (DFP-0): External TMDS
[   752.033] (WW) NVIDIA(GPU-0): Mode (15360 x 8640) larger than per-head max resolution
[   752.033] (WW) NVIDIA(GPU-0):     supported (7680 x 4320)
[   752.033] (WW) NVIDIA(GPU-0): Mode (15360 x 8640) larger than per-head max resolution
[   752.033] (WW) NVIDIA(GPU-0):     supported (7680 x 4320)
[   752.034] (==) NVIDIA(0): 
[   752.034] (==) NVIDIA(0): No modes were requested; the default mode "nvidia-auto-select"
[   752.034] (==) NVIDIA(0):     will be used as the requested mode.
[   752.034] (==) NVIDIA(0): 
[   752.034] (II) NVIDIA(0): Validated MetaModes:
[   752.034] (II) NVIDIA(0):     "DFP-0:nvidia-auto-select"
[   752.034] (II) NVIDIA(0): Virtual screen size determined to be 2560 x 1600
[   752.036] (--) NVIDIA(0): DPI set to (92, 101); computed from "UseEdidDpi" X config
[   752.036] (--) NVIDIA(0):     option
[   752.037] (II) NVIDIA: Reserving 24576.00 MB of virtual memory for indirect memory
[   752.037] (II) NVIDIA:     access.
[   752.041] (II) NVIDIA(0): ACPI: failed to connect to the ACPI event daemon; the daemon
[   752.041] (II) NVIDIA(0):     may not be running or the "AcpidSocketPath" X
[   752.041] (II) NVIDIA(0):     configuration option may not be set correctly.  When the
[   752.041] (II) NVIDIA(0):     ACPI event daemon is available, the NVIDIA X driver will
[   752.041] (II) NVIDIA(0):     try to use it to receive ACPI event notifications.  For
[   752.041] (II) NVIDIA(0):     details, please see the "ConnectToAcpid" and
[   752.041] (II) NVIDIA(0):     "AcpidSocketPath" X configuration options in Appendix B: X
[   752.041] (II) NVIDIA(0):     Config Options in the README.
[   752.067] (II) NVIDIA(0): Setting mode "DFP-0:nvidia-auto-select"
[   752.080] (==) NVIDIA(0): Disabling shared memory pixmaps
[   752.080] (==) NVIDIA(0): Backing store enabled
[   752.080] (==) NVIDIA(0): Silken mouse enabled
[   752.080] (**) NVIDIA(0): DPMS enabled
[   752.080] (II) Loading sub module "dri2"
[   752.080] (II) LoadModule: "dri2"
[   752.080] (II) Module "dri2" already built-in
[   752.080] (II) NVIDIA(0): [DRI2] Setup complete
[   752.080] (II) NVIDIA(0): [DRI2]   VDPAU driver: nvidia
[   752.080] (II) Initializing extension Generic Event Extension
[   752.081] (II) Initializing extension SHAPE
[   752.081] (II) Initializing extension MIT-SHM
[   752.081] (II) Initializing extension XInputExtension
[   752.081] (II) Initializing extension XTEST
[   752.081] (II) Initializing extension BIG-REQUESTS
[   752.081] (II) Initializing extension SYNC
[   752.081] (II) Initializing extension XKEYBOARD
[   752.081] (II) Initializing extension XC-MISC
[   752.081] (II) Initializing extension SECURITY
[   752.081] (II) Initializing extension XFIXES
[   752.081] (II) Initializing extension RENDER
[   752.082] (II) Initializing extension RANDR
[   752.082] (II) Initializing extension COMPOSITE
[   752.082] (II) Initializing extension DAMAGE
[   752.082] (II) Initializing extension MIT-SCREEN-SAVER
[   752.082] (II) Initializing extension DOUBLE-BUFFER
[   752.082] (II) Initializing extension RECORD
[   752.082] (II) Initializing extension DPMS
[   752.082] (II) Initializing extension Present
[   752.082] (II) Initializing extension DRI3
[   752.083] (II) Initializing extension X-Resource
[   752.083] (II) Initializing extension XVideo
[   752.083] (II) Initializing extension XVideo-MotionCompensation
[   752.083] (II) Initializing extension SELinux
[   752.083] (II) SELinux: Disabled on system
[   752.083] (II) Initializing extension GLX
[   752.083] (II) Initializing extension GLX
[   752.083] (II) Indirect GLX disabled.
[   752.083] (II) GLX: Another vendor is already registered for screen 0
[   752.083] (II) Initializing extension XFree86-VidModeExtension
[   752.083] (II) Initializing extension XFree86-DGA
[   752.083] (II) Initializing extension XFree86-DRI
[   752.083] (II) Initializing extension DRI2
[   752.083] (II) Initializing extension NV-GLX
[   752.083] (II) Initializing extension NV-CONTROL
[   752.083] (II) Initializing extension XINERAMA
[   752.133] (II) config/udev: Adding input device Power Button (/dev/input/event0)
[   752.134] (**) Power Button: Applying InputClass "libinput keyboard catchall"
[   752.134] (II) LoadModule: "libinput"
[   752.134] (II) Loading /usr/lib/xorg/modules/input/libinput_drv.so
[   752.135] (II) Module libinput: vendor="X.Org Foundation"
[   752.135] 	compiled for 1.20.11, module version = 0.29.0
[   752.135] 	Module class: X.Org XInput Driver
[   752.135] 	ABI class: X.Org XInput driver, version 24.1
[   752.135] (II) Using input driver 'libinput' for 'Power Button'
[   752.135] (**) Power Button: always reports core events
[   752.135] (**) Option "Device" "/dev/input/event0"
[   752.135] (**) Option "_source" "server/udev"
[   752.136] (EE) client bug: Invalid path /dev/input/event0
[   752.136] (EE) libinput: Power Button: Failed to create a device for /dev/input/event0
[   752.136] (EE) PreInit returned 2 for "Power Button"
[   752.136] (II) UnloadModule: "libinput"
[   752.136] (II) config/udev: Adding input device Sleep Button (/dev/input/event1)
[   752.136] (**) Sleep Button: Applying InputClass "libinput keyboard catchall"
[   752.136] (II) Using input driver 'libinput' for 'Sleep Button'
[   752.136] (**) Sleep Button: always reports core events
[   752.136] (**) Option "Device" "/dev/input/event1"
[   752.136] (**) Option "_source" "server/udev"
[   752.136] (EE) client bug: Invalid path /dev/input/event1
[   752.136] (EE) libinput: Sleep Button: Failed to create a device for /dev/input/event1
[   752.136] (EE) PreInit returned 2 for "Sleep Button"
[   752.136] (II) UnloadModule: "libinput"
[   752.137] (II) config/udev: Adding input device AT Translated Set 2 keyboard (/dev/input/event2)
[   752.137] (**) AT Translated Set 2 keyboard: Applying InputClass "libinput keyboard catchall"
[   752.137] (II) Using input driver 'libinput' for 'AT Translated Set 2 keyboard'
[   752.137] (**) AT Translated Set 2 keyboard: always reports core events
[   752.137] (**) Option "Device" "/dev/input/event2"
[   752.137] (**) Option "_source" "server/udev"
[   752.137] (EE) client bug: Invalid path /dev/input/event2
[   752.137] (EE) libinput: AT Translated Set 2 keyboard: Failed to create a device for /dev/input/event2
[   752.137] (EE) PreInit returned 2 for "AT Translated Set 2 keyboard"
[   752.137] (II) UnloadModule: "libinput"
[   752.138] (II) config/udev: Adding input device Whist Virtual Absolute Input (/dev/input/event3)
[   752.138] (**) Whist Virtual Absolute Input: Applying InputClass "libinput pointer catchall"
[   752.138] (II) Using input driver 'libinput' for 'Whist Virtual Absolute Input'
[   752.138] (**) Whist Virtual Absolute Input: always reports core events
[   752.138] (**) Option "Device" "/dev/input/event3"
[   752.138] (**) Option "_source" "server/udev"
[   752.138] (EE) client bug: Invalid path /dev/input/event3
[   752.138] (EE) libinput: Whist Virtual Absolute Input: Failed to create a device for /dev/input/event3
[   752.138] (EE) PreInit returned 2 for "Whist Virtual Absolute Input"
[   752.138] (II) UnloadModule: "libinput"
[   752.138] (II) config/udev: Adding input device Whist Virtual Absolute Input (/dev/input/mouse0)
[   752.138] (II) No input driver specified, ignoring this device.
[   752.138] (II) This device may have been added with another device file.
[   752.139] (II) config/udev: Adding input device Whist Virtual Relative Input (/dev/input/event4)
[   752.139] (**) Whist Virtual Relative Input: Applying InputClass "libinput pointer catchall"
[   752.139] (II) Using input driver 'libinput' for 'Whist Virtual Relative Input'
[   752.139] (**) Whist Virtual Relative Input: always reports core events
[   752.139] (**) Option "Device" "/dev/input/event4"
[   752.139] (**) Option "_source" "server/udev"
[   752.139] (EE) client bug: Invalid path /dev/input/event4
[   752.139] (EE) libinput: Whist Virtual Relative Input: Failed to create a device for /dev/input/event4
[   752.139] (EE) PreInit returned 2 for "Whist Virtual Relative Input"
[   752.139] (II) UnloadModule: "libinput"
[   752.139] (II) config/udev: Adding input device Whist Virtual Relative Input (/dev/input/mouse1)
[   752.139] (II) No input driver specified, ignoring this device.
[   752.139] (II) This device may have been added with another device file.
[   752.140] (II) config/udev: Adding input device Whist Virtual Keyboard (/dev/input/event5)
[   752.140] (**) Whist Virtual Keyboard: Applying InputClass "libinput pointer catchall"
[   752.140] (**) Whist Virtual Keyboard: Applying InputClass "libinput keyboard catchall"
[   752.140] (II) Using input driver 'libinput' for 'Whist Virtual Keyboard'
[   752.140] (**) Whist Virtual Keyboard: always reports core events
[   752.140] (**) Option "Device" "/dev/input/event5"
[   752.140] (**) Option "_source" "server/udev"
[   752.140] (EE) client bug: Invalid path /dev/input/event5
[   752.140] (EE) libinput: Whist Virtual Keyboard: Failed to create a device for /dev/input/event5
[   752.140] (EE) PreInit returned 2 for "Whist Virtual Keyboard"
[   752.140] (II) UnloadModule: "libinput"
[   752.140] (II) config/udev: Adding input device Whist Virtual Absolute Input (/dev/input/event6)
[   752.140] (**) Whist Virtual Absolute Input: Applying InputClass "libinput pointer catchall"
[   752.140] (II) Using input driver 'libinput' for 'Whist Virtual Absolute Input'
[   752.140] (**) Whist Virtual Absolute Input: always reports core events
[   752.140] (**) Option "Device" "/dev/input/event6"
[   752.140] (**) Option "_source" "server/udev"
[   752.142] (II) event6  - Whist Virtual Absolute Input: is tagged by udev as: Mouse
[   752.142] (II) event6  - Whist Virtual Absolute Input: device is a pointer
[   752.143] (II) event6  - Whist Virtual Absolute Input: device removed
[   752.221] (**) Option "config_info" "udev:/sys/devices/virtual/input/input7/event6"
[   752.221] (II) XINPUT: Adding extended input device "Whist Virtual Absolute Input" (type: MOUSE, id 6)
[   752.221] (**) Option "AccelerationScheme" "none"
[   752.221] (**) Whist Virtual Absolute Input: (accel) selected scheme none/0
[   752.221] (**) Whist Virtual Absolute Input: (accel) acceleration factor: 2.000
[   752.221] (**) Whist Virtual Absolute Input: (accel) acceleration threshold: 4
[   752.221] (II) event6  - Whist Virtual Absolute Input: is tagged by udev as: Mouse
[   752.221] (II) event6  - Whist Virtual Absolute Input: device is a pointer
[   752.222] (II) config/udev: Adding input device Whist Virtual Absolute Input (/dev/input/mouse2)
[   752.222] (II) No input driver specified, ignoring this device.
[   752.222] (II) This device may have been added with another device file.
[   752.222] (II) config/udev: Adding input device Whist Virtual Relative Input (/dev/input/event7)
[   752.222] (**) Whist Virtual Relative Input: Applying InputClass "libinput pointer catchall"
[   752.222] (II) Using input driver 'libinput' for 'Whist Virtual Relative Input'
[   752.222] (**) Whist Virtual Relative Input: always reports core events
[   752.222] (**) Option "Device" "/dev/input/event7"
[   752.222] (**) Option "_source" "server/udev"
[   752.223] (II) event7  - Whist Virtual Relative Input: is tagged by udev as: Mouse
[   752.223] (II) event7  - Whist Virtual Relative Input: device is a pointer
[   752.223] (II) event7  - Whist Virtual Relative Input: device removed
[   752.305] (**) Option "config_info" "udev:/sys/devices/virtual/input/input8/event7"
[   752.305] (II) XINPUT: Adding extended input device "Whist Virtual Relative Input" (type: MOUSE, id 7)
[   752.305] (**) Option "AccelerationScheme" "none"
[   752.305] (**) Whist Virtual Relative Input: (accel) selected scheme none/0
[   752.305] (**) Whist Virtual Relative Input: (accel) acceleration factor: 2.000
[   752.305] (**) Whist Virtual Relative Input: (accel) acceleration threshold: 4
[   752.305] (II) event7  - Whist Virtual Relative Input: is tagged by udev as: Mouse
[   752.305] (II) event7  - Whist Virtual Relative Input: device is a pointer
[   752.306] (II) config/udev: Adding input device Whist Virtual Relative Input (/dev/input/mouse3)
[   752.306] (II) No input driver specified, ignoring this device.
[   752.306] (II) This device may have been added with another device file.
[   752.306] (II) config/udev: Adding input device Whist Virtual Keyboard (/dev/input/event8)
[   752.306] (**) Whist Virtual Keyboard: Applying InputClass "libinput pointer catchall"
[   752.306] (**) Whist Virtual Keyboard: Applying InputClass "libinput keyboard catchall"
[   752.306] (II) Using input driver 'libinput' for 'Whist Virtual Keyboard'
[   752.306] (**) Whist Virtual Keyboard: always reports core events
[   752.306] (**) Option "Device" "/dev/input/event8"
[   752.306] (**) Option "_source" "server/udev"
[   752.307] (II) event8  - Whist Virtual Keyboard: is tagged by udev as: Keyboard Mouse
[   752.307] (II) event8  - Whist Virtual Keyboard: device is a pointer
[   752.307] (II) event8  - Whist Virtual Keyboard: device is a keyboard
[   752.307] (II) event8  - Whist Virtual Keyboard: device removed
[   752.353] (II) libinput: Whist Virtual Keyboard: needs a virtual subdevice
[   752.353] (**) Option "config_info" "udev:/sys/devices/virtual/input/input9/event8"
[   752.353] (II) XINPUT: Adding extended input device "Whist Virtual Keyboard" (type: MOUSE, id 8)
[   752.353] (**) Option "AccelerationScheme" "none"
[   752.353] (**) Whist Virtual Keyboard: (accel) selected scheme none/0
[   752.353] (**) Whist Virtual Keyboard: (accel) acceleration factor: 2.000
[   752.353] (**) Whist Virtual Keyboard: (accel) acceleration threshold: 4
[   752.354] (II) event8  - Whist Virtual Keyboard: is tagged by udev as: Keyboard Mouse
[   752.354] (II) event8  - Whist Virtual Keyboard: device is a pointer
[   752.354] (II) event8  - Whist Virtual Keyboard: device is a keyboard
[   752.358] (**) Whist Virtual Keyboard: Applying InputClass "libinput pointer catchall"
[   752.358] (**) Whist Virtual Keyboard: Applying InputClass "libinput keyboard catchall"
[   752.358] (II) Using input driver 'libinput' for 'Whist Virtual Keyboard'
[   752.358] (**) Whist Virtual Keyboard: always reports core events
[   752.358] (**) Option "Device" "/dev/input/event8"
[   752.358] (**) Option "_source" "_driver/libinput"
[   752.358] (II) libinput: Whist Virtual Keyboard: is a virtual subdevice
[   752.358] (**) Option "config_info" "udev:/sys/devices/virtual/input/input9/event8"
[   752.358] (II) XINPUT: Adding extended input device "Whist Virtual Keyboard" (type: KEYBOARD, id 9)
