[
  {
    "level": "INFO",
    "message": "android.ndkVersion from module build.gradle is not set"
  },
  {
    "level": "INFO",
    "message": "ndk.dir in local.properties is /Users/Suriya/Library/Android/sdk/ndk-r13b"
  },
  {
    "level": "INFO",
    "message": "ANDROID_NDK_HOME environment variable is not set"
  },
  {
    "level": "INFO",
    "message": "sdkFolder is /Users/Suriya/Library/Android/sdk"
  },
  {
    "level": "INFO",
    "message": "NDK side-by-side folder from sdkFolder /Users/Suriya/Library/Android/sdk/ndk does not exist"
  },
  {
    "level": "INFO",
    "message": "Considering /Users/Suriya/Library/Android/sdk/ndk-r13b by ndk.dir"
  },
  {
    "level": "INFO",
    "message": "Considering /Users/Suriya/Library/Android/sdk/ndk-bundle in SDK ndk-bundle folder"
  },
  {
    "level": "INFO",
    "message": "Found requested ndk.dir (/Users/Suriya/Library/Android/sdk/ndk-r13b) which has version 13.1.3345770"
  }
]